<?xml version="1.0" encoding="UTF-8"?>
<!-- Generated by org.testng.reporters.JUnitReportReporter -->
<testsuite hostname="DESKTOP-ETDH1SC" failures="0" tests="1" name="test.TestAPIs" time="3.433" errors="0" timestamp="2023-04-21T19:53:26 IST" skipped="0">
  <testcase classname="test.TestAPIs" name="test1" time="3.433"/>
  <system-out/>
</testsuite> <!-- test.TestAPIs -->
